# JRE version: OpenJDK Runtime Environment Temurin-17.0.4+8 (17.0.4+8) (build 17.0.4+8)
# Java VM: OpenJDK 64-Bit Server VM Temurin-17.0.4+8 (17.0.4+8, mixed mode, tiered, compressed oops, compressed class ptrs, parallel gc, windows-amd64)
GC Precious Log:
 CPUs: 2 total, 2 available
 Memory: 3981M
 Large Page Support: Disabled
 NUMA Support: Disabled
 Compressed Oops: Enabled (32-bit)
 Alignments: Space 512K, Generation 512K, Heap 2M
 Heap Min Capacity: 100M
 Heap Initial Capacity: 100M
 Heap Max Capacity: 1G
 Pre-touch: Disabled
 Parallel Workers: 2
Heap:
 PSYoungGen      total 3072K, used 1746K [0x00000000eab00000, 0x00000000eb100000, 0x0000000100000000)
  eden space 2560K, 55% used [0x00000000eab00000,0x00000000eac64b60,0x00000000ead80000)
  from space 512K, 62% used [0x00000000eb000000,0x00000000eb050000,0x00000000eb080000)
  to   space 512K, 0% used [0x00000000eb080000,0x00000000eb080000,0x00000000eb100000)
 ParOldGen       total 108032K, used 89360K [0x00000000c0000000, 0x00000000c6980000, 0x00000000eab00000)
  object space 108032K, 82% used [0x00000000c0000000,0x00000000c57440e8,0x00000000c6980000)
 Metaspace       used 85611K, committed 86720K, reserved 1130496K
  class space    used 8575K, committed 9088K, reserved 1048576K
GC Heap History (20 events):
Event: 4829.818 GC heap before
{Heap before GC invocations=3633 (full 54):
 PSYoungGen      total 3072K, used 3036K [0x00000000eab00000, 0x00000000eb180000, 0x0000000100000000)
  eden space 2560K, 99% used [0x00000000eab00000,0x00000000ead7f158,0x00000000ead80000)
  from space 512K, 93% used [0x00000000eb100000,0x00000000eb178000,0x00000000eb180000)
  to   space 1024K, 0% used [0x00000000eaf80000,0x00000000eaf80000,0x00000000eb080000)
 ParOldGen       total 108032K, used 84839K [0x00000000c0000000, 0x00000000c6980000, 0x00000000eab00000)
  object space 108032K, 78% used [0x00000000c0000000,0x00000000c52d9de8,0x00000000c6980000)
 Metaspace       used 85604K, committed 86720K, reserved 1130496K
  class space    used 8575K, committed 9088K, reserved 1048576K
}
Event: 4829.825 GC heap after
{Heap after GC invocations=3633 (full 54):
 PSYoungGen      total 3584K, used 400K [0x00000000eab00000, 0x00000000eb180000, 0x0000000100000000)
  eden space 2560K, 0% used [0x00000000eab00000,0x00000000eab00000,0x00000000ead80000)
  from space 1024K, 39% used [0x00000000eaf80000,0x00000000eafe4010,0x00000000eb080000)
  to   space 512K, 0% used [0x00000000eb100000,0x00000000eb100000,0x00000000eb180000)
 ParOldGen       total 108032K, used 85268K [0x00000000c0000000, 0x00000000c6980000, 0x00000000eab00000)
  object space 108032K, 78% used [0x00000000c0000000,0x00000000c5345288,0x00000000c6980000)
 Metaspace       used 85604K, committed 86720K, reserved 1130496K
  class space    used 8575K, committed 9088K, reserved 1048576K
}
Event: 4829.926 GC heap before
{Heap before GC invocations=3634 (full 54):
 PSYoungGen      total 3584K, used 2960K [0x00000000eab00000, 0x00000000eb180000, 0x0000000100000000)
  eden space 2560K, 100% used [0x00000000eab00000,0x00000000ead80000,0x00000000ead80000)
  from space 1024K, 39% used [0x00000000eaf80000,0x00000000eafe4010,0x00000000eb080000)
  to   space 512K, 0% used [0x00000000eb100000,0x00000000eb100000,0x00000000eb180000)
 ParOldGen       total 108032K, used 85268K [0x00000000c0000000, 0x00000000c6980000, 0x00000000eab00000)
  object space 108032K, 78% used [0x00000000c0000000,0x00000000c5345288,0x00000000c6980000)
 Metaspace       used 85604K, committed 86720K, reserved 1130496K
  class space    used 8575K, committed 9088K, reserved 1048576K
}
Event: 4829.929 GC heap after
{Heap after GC invocations=3634 (full 54):
 PSYoungGen      total 3072K, used 208K [0x00000000eab00000, 0x00000000eb180000, 0x0000000100000000)
  eden space 2560K, 0% used [0x00000000eab00000,0x00000000eab00000,0x00000000ead80000)
  from space 512K, 40% used [0x00000000eb100000,0x00000000eb134010,0x00000000eb180000)
  to   space 512K, 0% used [0x00000000eb080000,0x00000000eb080000,0x00000000eb100000)
 ParOldGen       total 108032K, used 85657K [0x00000000c0000000, 0x00000000c6980000, 0x00000000eab00000)
  object space 108032K, 79% used [0x00000000c0000000,0x00000000c53a6728,0x00000000c6980000)
 Metaspace       used 85604K, committed 86720K, reserved 1130496K
  class space    used 8575K, committed 9088K, reserved 1048576K
}
Event: 4830.087 GC heap before
{Heap before GC invocations=3635 (full 54):
 PSYoungGen      total 3072K, used 2768K [0x00000000eab00000, 0x00000000eb180000, 0x0000000100000000)
  eden space 2560K, 100% used [0x00000000eab00000,0x00000000ead80000,0x00000000ead80000)
  from space 512K, 40% used [0x00000000eb100000,0x00000000eb134010,0x00000000eb180000)
  to   space 512K, 0% used [0x00000000eb080000,0x00000000eb080000,0x00000000eb100000)
 ParOldGen       total 108032K, used 85657K [0x00000000c0000000, 0x00000000c6980000, 0x00000000eab00000)
  object space 108032K, 79% used [0x00000000c0000000,0x00000000c53a6728,0x00000000c6980000)
 Metaspace       used 85604K, committed 86720K, reserved 1130496K
  class space    used 8575K, committed 9088K, reserved 1048576K
}
Event: 4830.090 GC heap after
{Heap after GC invocations=3635 (full 54):
 PSYoungGen      total 3072K, used 480K [0x00000000eab00000, 0x00000000eb180000, 0x0000000100000000)
  eden space 2560K, 0% used [0x00000000eab00000,0x00000000eab00000,0x00000000ead80000)
  from space 512K, 93% used [0x00000000eb080000,0x00000000eb0f8000,0x00000000eb100000)
  to   space 512K, 0% used [0x00000000eb100000,0x00000000eb100000,0x00000000eb180000)
 ParOldGen       total 108032K, used 85840K [0x00000000c0000000, 0x00000000c6980000, 0x00000000eab00000)
  object space 108032K, 79% used [0x00000000c0000000,0x00000000c53d4188,0x00000000c6980000)
 Metaspace       used 85604K, committed 86720K, reserved 1130496K
  class space    used 8575K, committed 9088K, reserved 1048576K
}
Event: 4830.199 GC heap before
{Heap before GC invocations=3636 (full 54):
 PSYoungGen      total 3072K, used 3040K [0x00000000eab00000, 0x00000000eb180000, 0x0000000100000000)
  eden space 2560K, 100% used [0x00000000eab00000,0x00000000ead80000,0x00000000ead80000)
  from space 512K, 93% used [0x00000000eb080000,0x00000000eb0f8000,0x00000000eb100000)
  to   space 512K, 0% used [0x00000000eb100000,0x00000000eb100000,0x00000000eb180000)
 ParOldGen       total 108032K, used 85840K [0x00000000c0000000, 0x00000000c6980000, 0x00000000eab00000)
  object space 108032K, 79% used [0x00000000c0000000,0x00000000c53d4188,0x00000000c6980000)
 Metaspace       used 85604K, committed 86720K, reserved 1130496K
  class space    used 8575K, committed 9088K, reserved 1048576K
}
Event: 4830.206 GC heap after
{Heap after GC invocations=3636 (full 54):
 PSYoungGen      total 3072K, used 368K [0x00000000eab00000, 0x00000000eb180000, 0x0000000100000000)
  eden space 2560K, 0% used [0x00000000eab00000,0x00000000eab00000,0x00000000ead80000)
  from space 512K, 71% used [0x00000000eb100000,0x00000000eb15c010,0x00000000eb180000)
  to   space 512K, 0% used [0x00000000eb080000,0x00000000eb080000,0x00000000eb100000)
 ParOldGen       total 108032K, used 86293K [0x00000000c0000000, 0x00000000c6980000, 0x00000000eab00000)
  object space 108032K, 79% used [0x00000000c0000000,0x00000000c5445628,0x00000000c6980000)
 Metaspace       used 85604K, committed 86720K, reserved 1130496K
  class space    used 8575K, committed 9088K, reserved 1048576K
}
Event: 4830.233 GC heap before
{Heap before GC invocations=3637 (full 54):
 PSYoungGen      total 3072K, used 2928K [0x00000000eab00000, 0x00000000eb180000, 0x0000000100000000)
  eden space 2560K, 100% used [0x00000000eab00000,0x00000000ead80000,0x00000000ead80000)
  from space 512K, 71% used [0x00000000eb100000,0x00000000eb15c010,0x00000000eb180000)
  to   space 512K, 0% used [0x00000000eb080000,0x00000000eb080000,0x00000000eb100000)
 ParOldGen       total 108032K, used 86293K [0x00000000c0000000, 0x00000000c6980000, 0x00000000eab00000)
  object space 108032K, 79% used [0x00000000c0000000,0x00000000c5445628,0x00000000c6980000)
 Metaspace       used 85604K, committed 86720K, reserved 1130496K
  class space    used 8575K, committed 9088K, reserved 1048576K
}
Event: 4830.236 GC heap after
{Heap after GC invocations=3637 (full 54):
 PSYoungGen      total 3072K, used 336K [0x00000000eab00000, 0x00000000eb180000, 0x0000000100000000)
  eden space 2560K, 0% used [0x00000000eab00000,0x00000000eab00000,0x00000000ead80000)
  from space 512K, 65% used [0x00000000eb080000,0x00000000eb0d4010,0x00000000eb100000)
  to   space 512K, 0% used [0x00000000eb100000,0x00000000eb100000,0x00000000eb180000)
 ParOldGen       total 108032K, used 86610K [0x00000000c0000000, 0x00000000c6980000, 0x00000000eab00000)
  object space 108032K, 80% used [0x00000000c0000000,0x00000000c5494ac8,0x00000000c6980000)
 Metaspace       used 85604K, committed 86720K, reserved 1130496K
  class space    used 8575K, committed 9088K, reserved 1048576K
}
Event: 4831.077 GC heap before
{Heap before GC invocations=3638 (full 54):
 PSYoungGen      total 3072K, used 2896K [0x00000000eab00000, 0x00000000eb180000, 0x0000000100000000)
  eden space 2560K, 100% used [0x00000000eab00000,0x00000000ead80000,0x00000000ead80000)
  from space 512K, 65% used [0x00000000eb080000,0x00000000eb0d4010,0x00000000eb100000)
  to   space 512K, 0% used [0x00000000eb100000,0x00000000eb100000,0x00000000eb180000)
 ParOldGen       total 108032K, used 86610K [0x00000000c0000000, 0x00000000c6980000, 0x00000000eab00000)
  object space 108032K, 80% used [0x00000000c0000000,0x00000000c5494ac8,0x00000000c6980000)
 Metaspace       used 85606K, committed 86720K, reserved 1130496K
  class space    used 8575K, committed 9088K, reserved 1048576K
}
Event: 4831.081 GC heap after
{Heap after GC invocations=3638 (full 54):
 PSYoungGen      total 3072K, used 160K [0x00000000eab00000, 0x00000000eb180000, 0x0000000100000000)
  eden space 2560K, 0% used [0x00000000eab00000,0x00000000eab00000,0x00000000ead80000)
  from space 512K, 31% used [0x00000000eb100000,0x00000000eb128000,0x00000000eb180000)
  to   space 512K, 0% used [0x00000000eb080000,0x00000000eb080000,0x00000000eb100000)
 ParOldGen       total 108032K, used 86935K [0x00000000c0000000, 0x00000000c6980000, 0x00000000eab00000)
  object space 108032K, 80% used [0x00000000c0000000,0x00000000c54e5f68,0x00000000c6980000)
 Metaspace       used 85606K, committed 86720K, reserved 1130496K
  class space    used 8575K, committed 9088K, reserved 1048576K
}
Event: 4833.113 GC heap before
{Heap before GC invocations=3639 (full 54):
 PSYoungGen      total 3072K, used 2720K [0x00000000eab00000, 0x00000000eb180000, 0x0000000100000000)
  eden space 2560K, 100% used [0x00000000eab00000,0x00000000ead80000,0x00000000ead80000)
  from space 512K, 31% used [0x00000000eb100000,0x00000000eb128000,0x00000000eb180000)
  to   space 512K, 0% used [0x00000000eb080000,0x00000000eb080000,0x00000000eb100000)
 ParOldGen       total 108032K, used 86935K [0x00000000c0000000, 0x00000000c6980000, 0x00000000eab00000)
  object space 108032K, 80% used [0x00000000c0000000,0x00000000c54e5f68,0x00000000c6980000)
 Metaspace       used 85608K, committed 86720K, reserved 1130496K
  class space    used 8575K, committed 9088K, reserved 1048576K
}
Event: 4833.115 GC heap after
{Heap after GC invocations=3639 (full 54):
 PSYoungGen      total 3072K, used 96K [0x00000000eab00000, 0x00000000eb180000, 0x0000000100000000)
  eden space 2560K, 0% used [0x00000000eab00000,0x00000000eab00000,0x00000000ead80000)
  from space 512K, 18% used [0x00000000eb080000,0x00000000eb098000,0x00000000eb100000)
  to   space 512K, 0% used [0x00000000eb100000,0x00000000eb100000,0x00000000eb180000)
 ParOldGen       total 108032K, used 87095K [0x00000000c0000000, 0x00000000c6980000, 0x00000000eab00000)
  object space 108032K, 80% used [0x00000000c0000000,0x00000000c550df68,0x00000000c6980000)
 Metaspace       used 85608K, committed 86720K, reserved 1130496K
  class space    used 8575K, committed 9088K, reserved 1048576K
}
Event: 4833.759 GC heap before
{Heap before GC invocations=3640 (full 54):
 PSYoungGen      total 3072K, used 2656K [0x00000000eab00000, 0x00000000eb180000, 0x0000000100000000)
  eden space 2560K, 100% used [0x00000000eab00000,0x00000000ead80000,0x00000000ead80000)
  from space 512K, 18% used [0x00000000eb080000,0x00000000eb098000,0x00000000eb100000)
  to   space 512K, 0% used [0x00000000eb100000,0x00000000eb100000,0x00000000eb180000)
 ParOldGen       total 108032K, used 87095K [0x00000000c0000000, 0x00000000c6980000, 0x00000000eab00000)
  object space 108032K, 80% used [0x00000000c0000000,0x00000000c550df68,0x00000000c6980000)
 Metaspace       used 85608K, committed 86720K, reserved 1130496K
  class space    used 8575K, committed 9088K, reserved 1048576K
}
Event: 4833.763 GC heap after
{Heap after GC invocations=3640 (full 54):
 PSYoungGen      total 3072K, used 384K [0x00000000eab00000, 0x00000000eb180000, 0x0000000100000000)
  eden space 2560K, 0% used [0x00000000eab00000,0x00000000eab00000,0x00000000ead80000)
  from space 512K, 75% used [0x00000000eb100000,0x00000000eb160000,0x00000000eb180000)
  to   space 512K, 0% used [0x00000000eb080000,0x00000000eb080000,0x00000000eb100000)
 ParOldGen       total 108032K, used 87103K [0x00000000c0000000, 0x00000000c6980000, 0x00000000eab00000)
  object space 108032K, 80% used [0x00000000c0000000,0x00000000c550ff68,0x00000000c6980000)
 Metaspace       used 85608K, committed 86720K, reserved 1130496K
  class space    used 8575K, committed 9088K, reserved 1048576K
}
Event: 4833.858 GC heap before
{Heap before GC invocations=3641 (full 54):
 PSYoungGen      total 3072K, used 2944K [0x00000000eab00000, 0x00000000eb180000, 0x0000000100000000)
  eden space 2560K, 100% used [0x00000000eab00000,0x00000000ead80000,0x00000000ead80000)
  from space 512K, 75% used [0x00000000eb100000,0x00000000eb160000,0x00000000eb180000)
  to   space 512K, 0% used [0x00000000eb080000,0x00000000eb080000,0x00000000eb100000)
 ParOldGen       total 108032K, used 87103K [0x00000000c0000000, 0x00000000c6980000, 0x00000000eab00000)
  object space 108032K, 80% used [0x00000000c0000000,0x00000000c550ff68,0x00000000c6980000)
 Metaspace       used 85611K, committed 86720K, reserved 1130496K
  class space    used 8575K, committed 9088K, reserved 1048576K
}
Event: 4833.863 GC heap after
{Heap after GC invocations=3641 (full 54):
 PSYoungGen      total 3072K, used 512K [0x00000000eab00000, 0x00000000eb180000, 0x0000000100000000)
  eden space 2560K, 0% used [0x00000000eab00000,0x00000000eab00000,0x00000000ead80000)
  from space 512K, 100% used [0x00000000eb080000,0x00000000eb100000,0x00000000eb100000)
  to   space 512K, 0% used [0x00000000eb100000,0x00000000eb100000,0x00000000eb180000)
 ParOldGen       total 108032K, used 87454K [0x00000000c0000000, 0x00000000c6980000, 0x00000000eab00000)
  object space 108032K, 80% used [0x00000000c0000000,0x00000000c55679c8,0x00000000c6980000)
 Metaspace       used 85611K, committed 86720K, reserved 1130496K
  class space    used 8575K, committed 9088K, reserved 1048576K
}
Event: 4834.062 GC heap before
{Heap before GC invocations=3642 (full 54):
 PSYoungGen      total 3072K, used 3072K [0x00000000eab00000, 0x00000000eb180000, 0x0000000100000000)
  eden space 2560K, 100% used [0x00000000eab00000,0x00000000ead80000,0x00000000ead80000)
  from space 512K, 100% used [0x00000000eb080000,0x00000000eb100000,0x00000000eb100000)
  to   space 512K, 0% used [0x00000000eb100000,0x00000000eb100000,0x00000000eb180000)
 ParOldGen       total 108032K, used 87454K [0x00000000c0000000, 0x00000000c6980000, 0x00000000eab00000)
  object space 108032K, 80% used [0x00000000c0000000,0x00000000c55679c8,0x00000000c6980000)
 Metaspace       used 85611K, committed 86720K, reserved 1130496K
  class space    used 8575K, committed 9088K, reserved 1048576K
}
Event: 4834.066 GC heap after
{Heap after GC invocations=3642 (full 54):
 PSYoungGen      total 3072K, used 480K [0x00000000eab00000, 0x00000000eb180000, 0x0000000100000000)
  eden space 2560K, 0% used [0x00000000eab00000,0x00000000eab00000,0x00000000ead80000)
  from space 512K, 93% used [0x00000000eb100000,0x00000000eb178000,0x00000000eb180000)
  to   space 1024K, 0% used [0x00000000eaf80000,0x00000000eaf80000,0x00000000eb080000)
 ParOldGen       total 108032K, used 87939K [0x00000000c0000000, 0x00000000c6980000, 0x00000000eab00000)
  object space 108032K, 81% used [0x00000000c0000000,0x00000000c55e0e68,0x00000000c6980000)
 Metaspace       used 85611K, committed 86720K, reserved 1130496K
  class space    used 8575K, committed 9088K, reserved 1048576K
}

